
ERROR:root:Failed to process C:\Users\Miller\OneDrive\FDD Database\EFD\FDD Database\1-800-Flowers1-800-Flowers.com\2022\1-800-Flowers1-800-Flowers.com_2022_North Dakota_463327.pdf: Error partitioning PDF C:\Users\Miller\OneDrive\FDD Database\EFD\FDD Database\1-800-Flowers1-800-Flowers.com\2022\1-800-Flowers1-800-Flowers.com_2022_North Dakota_463327.pdf: 'str' object has no attribute 'copy'
ERROR:root:Failed to process C:\Users\Miller\OneDrive\FDD Database\EFD\FDD Database\1-800-Flowers1-800-Flowers.com\2023\1-800-Flowers1-800-Flowers.com_2023_Virginia_463327.pdf: Error partitioning PDF C:\Users\Miller\OneDrive\FDD Database\EFD\FDD Database\1-800-Flowers1-800-Flowers.com\2023\1-800-Flowers1-800-Flowers.com_2023_Virginia_463327.pdf: 'str' object has no attribute 'copy'
ERROR:root:Failed to process C:\Users\Miller\OneDrive\FDD Database\EFD\FDD Database\1-800-FlowersConroys\2022\1-800-FlowersConroys_2022_New York_463199.pdf: Error partitioning PDF C:\Users\Miller\OneDrive\FDD Database\EFD\FDD Database\1-800-FlowersConroys\2022\1-800-FlowersConroys_2022_New York_463199.pdf: 'str' object has no attribute 'copy'
ERROR:root:Failed to process C:\Users\Miller\OneDrive\FDD Database\EFD\FDD Database\1-800-FlowersConroys\2023\1-800-FlowersConroys_2023_New York_463199.pdf: Error partitioning PDF C:\Users\Miller\OneDrive\FDD Database\EFD\FDD Database\1-800-FlowersConroys\2023\1-800-FlowersConroys_2023_New York_463199.pdf: 'str' object has no attribute 'copy'
ERROR:root:Failed to process C:\Users\Miller\OneDrive\FDD Database\EFD\FDD Database\100 CHIROPRACTIC\2023\100 CHIROPRACTIC_2023_Virginia_377288.pdf: Error partitioning PDF C:\Users\Miller\OneDrive\FDD Database\EFD\FDD Database\100 CHIROPRACTIC\2023\100 CHIROPRACTIC_2023_Virginia_377288.pdf: 'str' object has no attribute 'copy'
ERROR:root:Failed to process C:\Users\Miller\OneDrive\FDD Database\EFD\FDD Database\100 CHIROPRACTIC\2023\100 CHIROPRACTIC_2023_Virginia_377288.pdf: Error partitioning PDF C:\Users\Miller\OneDrive\FDD Database\EFD\FDD Database\100 CHIROPRACTIC\2023\100 CHIROPRACTIC_2023_Virginia_377288.pdf: 'str' object has no attribute 'copy'
ERROR:root:Failed to process C:\Users\Miller\OneDrive\FDD Database\EFD\FDD Database\A Better Solution in Home Care\2023\A Better Solution in Home Care_2023_Illinois_481138.pdf: Error partitioning PDF C:\Users\Miller\OneDrive\FDD Database\EFD\FDD Database\A Better Solution in Home Care\2023\A Better Solution in Home Care_2023_Illinois_481138.pdf: 'str' object has no attribute 'copy'
ERROR:root:Failed to process C:\Users\Miller\OneDrive\FDD Database\EFD\FDD Database\100 CHIROPRACTIC\2023\100 CHIROPRACTIC_2023_Virginia_377288.pdf: Error partitioning PDF C:\Users\Miller\OneDrive\FDD Database\EFD\FDD Database\100 CHIROPRACTIC\2023\100 CHIROPRACTIC_2023_Virginia_377288.pdf: 'str' object has no attribute 'copy'
ERROR:root:Failed to process C:\Users\Miller\OneDrive\FDD Database\EFD\FDD Database\100 CHIROPRACTIC\2023\100 CHIROPRACTIC_2023_Virginia_377288.pdf: Error partitioning PDF C:\Users\Miller\OneDrive\FDD Database\EFD\FDD Database\100 CHIROPRACTIC\2023\100 CHIROPRACTIC_2023_Virginia_377288.pdf: 'str' object has no attribute 'copy'
ERROR:root:Failed to process C:\Users\Miller\OneDrive\FDD Database\EFD\FDD Database\A Better Solution in Home Care\2023\A Better Solution in Home Care_2023_Illinois_481138.pdf: Error partitioning PDF C:\Users\Miller\OneDrive\FDD Database\EFD\FDD Database\A Better Solution in Home Care\2023\A Better Solution in Home Care_2023_Illinois_481138.pdf: 'str' object has no attribute 'copy'
ERROR:root:Failed to process C:\Users\Miller\OneDrive\FDD Database\EFD\FDD Database\100 CHIROPRACTIC\2023\100 CHIROPRACTIC_2023_Virginia_377288.pdf: Error partitioning PDF C:\Users\Miller\OneDrive\FDD Database\EFD\FDD Database\100 CHIROPRACTIC\2023\100 CHIROPRACTIC_2023_Virginia_377288.pdf: 'str' object has no attribute 'copy'
ERROR:root:Failed to process C:\Users\Miller\OneDrive\FDD Database\EFD\FDD Database\A Better Solution in Home Care\2023\A Better Solution in Home Care_2023_Illinois_481138.pdf: Error partitioning PDF C:\Users\Miller\OneDrive\FDD Database\EFD\FDD Database\A Better Solution in Home Care\2023\A Better Solution in Home Care_2023_Illinois_481138.pdf: 'str' object has no attribute 'copy'
ERROR:root:Failed to process C:\Users\Miller\OneDrive\FDD Database\EFD\FDD Database\Access Garage Doors\2023\Access Garage Doors_2023_New York_491121.pdf: Error partitioning PDF C:\Users\Miller\OneDrive\FDD Database\EFD\FDD Database\Access Garage Doors\2023\Access Garage Doors_2023_New York_491121.pdf: 'str' object has no attribute 'copy'
ERROR:root:Failed to process C:\Users\Miller\OneDrive\FDD Database\EFD\FDD Database\ActionCOACH Mid-Atlantic\2023\ActionCOACH Mid-Atlantic_2023_Maryland_438288.pdf: Error partitioning PDF C:\Users\Miller\OneDrive\FDD Database\EFD\FDD Database\ActionCOACH Mid-Atlantic\2023\ActionCOACH Mid-Atlantic_2023_Maryland_438288.pdf: 'str' object has no attribute 'copy'
ERROR:unstructured:No /Root object! - Is this really a PDF?
ERROR:root:Failed to process C:\Users\Miller\OneDrive\FDD Database\EFD\FDD Database\ActionCOACH Mid-Atlantic\2023\ActionCOACH Mid-Atlantic_2023_Virginia_438288.pdf: Error partitioning PDF C:\Users\Miller\OneDrive\FDD Database\EFD\FDD Database\ActionCOACH Mid-Atlantic\2023\ActionCOACH Mid-Atlantic_2023_Virginia_438288.pdf: Unable to get page count.
Syntax Error: Document stream is empty


ERROR:root:Failed to process C:\Users\Miller\OneDrive\FDD Database\EFD\FDD Database\Alair Homes Master\2023\Alair Homes Master_2023_Illinois_473061.pdf: Error partitioning PDF C:\Users\Miller\OneDrive\FDD Database\EFD\FDD Database\Alair Homes Master\2023\Alair Homes Master_2023_Illinois_473061.pdf: 'str' object has no attribute 'copy'
ERROR:root:Failed to process C:\Users\Miller\OneDrive\FDD Database\EFD\FDD Database\All American Pet Resorts\2023\All American Pet Resorts_2023_Virginia_477073.pdf: Error partitioning PDF C:\Users\Miller\OneDrive\FDD Database\EFD\FDD Database\All American Pet Resorts\2023\All American Pet Resorts_2023_Virginia_477073.pdf: 'str' object has no attribute 'copy'
ERROR:root:Failed to process C:\Users\Miller\OneDrive\FDD Database\EFD\FDD Database\Always Best Care Senior Services\2022\Always Best Care Senior Services_2022_Maryland_442173.pdf: Error partitioning PDF C:\Users\Miller\OneDrive\FDD Database\EFD\FDD Database\Always Best Care Senior Services\2022\Always Best Care Senior Services_2022_Maryland_442173.pdf: 'str' object has no attribute 'copy'
ERROR:root:Failed to process C:\Users\Miller\OneDrive\FDD Database\EFD\FDD Database\Always Best Care Senior Services\2022\Always Best Care Senior Services_2022_South Dakota_442173.pdf: Error partitioning PDF C:\Users\Miller\OneDrive\FDD Database\EFD\FDD Database\Always Best Care Senior Services\2022\Always Best Care Senior Services_2022_South Dakota_442173.pdf: 'str' object has no attribute 'copy'
ERROR:root:Failed to process C:\Users\Miller\OneDrive\FDD Database\EFD\FDD Database\Always Best Care Senior Services\2022\Always Best Care Senior Services_2022_Virginia_442173.pdf: Error partitioning PDF C:\Users\Miller\OneDrive\FDD Database\EFD\FDD Database\Always Best Care Senior Services\2022\Always Best Care Senior Services_2022_Virginia_442173.pdf: 'str' object has no attribute 'copy'
ERROR:root:Failed to process C:\Users\Miller\OneDrive\FDD Database\EFD\FDD Database\Always Best Care Senior Services\2023\Always Best Care Senior Services_2023_Maryland_442173.pdf: Error partitioning PDF C:\Users\Miller\OneDrive\FDD Database\EFD\FDD Database\Always Best Care Senior Services\2023\Always Best Care Senior Services_2023_Maryland_442173.pdf: 'str' object has no attribute 'copy'
ERROR:root:Failed to process C:\Users\Miller\OneDrive\FDD Database\EFD\FDD Database\Always Best Care Senior Services\2023\Always Best Care Senior Services_2023_North Dakota_442173.pdf: Error partitioning PDF C:\Users\Miller\OneDrive\FDD Database\EFD\FDD Database\Always Best Care Senior Services\2023\Always Best Care Senior Services_2023_North Dakota_442173.pdf: 'str' object has no attribute 'copy'
ERROR:root:Failed to process C:\Users\Miller\OneDrive\FDD Database\EFD\FDD Database\American Leak Detection\2023\American Leak Detection_2023_Virginia_480243.pdf: Error partitioning PDF C:\Users\Miller\OneDrive\FDD Database\EFD\FDD Database\American Leak Detection\2023\American Leak Detection_2023_Virginia_480243.pdf: 'str' object has no attribute 'copy'
ERROR:root:Failed to process C:\Users\Miller\OneDrive\FDD Database\EFD\FDD Database\100 CHIROPRACTIC\2023\100 CHIROPRACTIC_2023_Virginia_377288.pdf: Error partitioning PDF C:\Users\Miller\OneDrive\FDD Database\EFD\FDD Database\100 CHIROPRACTIC\2023\100 CHIROPRACTIC_2023_Virginia_377288.pdf: 'str' object has no attribute 'copy'
ERROR:root:Failed to process C:\Users\Miller\OneDrive\FDD Database\EFD\FDD Database\A Better Solution in Home Care\2023\A Better Solution in Home Care_2023_Illinois_481138.pdf: Error partitioning PDF C:\Users\Miller\OneDrive\FDD Database\EFD\FDD Database\A Better Solution in Home Care\2023\A Better Solution in Home Care_2023_Illinois_481138.pdf: 'str' object has no attribute 'copy'
ERROR:root:Failed to process C:\Users\Miller\OneDrive\FDD Database\EFD\FDD Database\Access Garage Doors\2023\Access Garage Doors_2023_New York_491121.pdf: Error partitioning PDF C:\Users\Miller\OneDrive\FDD Database\EFD\FDD Database\Access Garage Doors\2023\Access Garage Doors_2023_New York_491121.pdf: 'str' object has no attribute 'copy'
ERROR:root:Failed to process C:\Users\Miller\OneDrive\FDD Database\EFD\FDD Database\ActionCOACH Mid-Atlantic\2023\ActionCOACH Mid-Atlantic_2023_Maryland_438288.pdf: Error partitioning PDF C:\Users\Miller\OneDrive\FDD Database\EFD\FDD Database\ActionCOACH Mid-Atlantic\2023\ActionCOACH Mid-Atlantic_2023_Maryland_438288.pdf: 'str' object has no attribute 'copy'
ERROR:unstructured:No /Root object! - Is this really a PDF?
ERROR:root:Failed to process C:\Users\Miller\OneDrive\FDD Database\EFD\FDD Database\ActionCOACH Mid-Atlantic\2023\ActionCOACH Mid-Atlantic_2023_Virginia_438288.pdf: Error partitioning PDF C:\Users\Miller\OneDrive\FDD Database\EFD\FDD Database\ActionCOACH Mid-Atlantic\2023\ActionCOACH Mid-Atlantic_2023_Virginia_438288.pdf: Unable to get page count.
Syntax Error: Document stream is empty


ERROR:root:Failed to process C:\Users\Miller\OneDrive\FDD Database\EFD\FDD Database\Alair Homes Master\2023\Alair Homes Master_2023_Illinois_473061.pdf: Error partitioning PDF C:\Users\Miller\OneDrive\FDD Database\EFD\FDD Database\Alair Homes Master\2023\Alair Homes Master_2023_Illinois_473061.pdf: 'str' object has no attribute 'copy'
ERROR:root:Failed to process C:\Users\Miller\OneDrive\FDD Database\EFD\FDD Database\All American Pet Resorts\2023\All American Pet Resorts_2023_Virginia_477073.pdf: Error partitioning PDF C:\Users\Miller\OneDrive\FDD Database\EFD\FDD Database\All American Pet Resorts\2023\All American Pet Resorts_2023_Virginia_477073.pdf: 'str' object has no attribute 'copy'
ERROR:root:Failed to process C:\Users\Miller\OneDrive\FDD Database\EFD\FDD Database\Always Best Care Senior Services\2022\Always Best Care Senior Services_2022_Maryland_442173.pdf: Error partitioning PDF C:\Users\Miller\OneDrive\FDD Database\EFD\FDD Database\Always Best Care Senior Services\2022\Always Best Care Senior Services_2022_Maryland_442173.pdf: 'str' object has no attribute 'copy'
ERROR:root:Failed to process C:\Users\Miller\OneDrive\FDD Database\EFD\FDD Database\Always Best Care Senior Services\2022\Always Best Care Senior Services_2022_South Dakota_442173.pdf: Error partitioning PDF C:\Users\Miller\OneDrive\FDD Database\EFD\FDD Database\Always Best Care Senior Services\2022\Always Best Care Senior Services_2022_South Dakota_442173.pdf: 'str' object has no attribute 'copy'
ERROR:root:Failed to process C:\Users\Miller\OneDrive\FDD Database\EFD\FDD Database\Always Best Care Senior Services\2022\Always Best Care Senior Services_2022_Virginia_442173.pdf: Error partitioning PDF C:\Users\Miller\OneDrive\FDD Database\EFD\FDD Database\Always Best Care Senior Services\2022\Always Best Care Senior Services_2022_Virginia_442173.pdf: 'str' object has no attribute 'copy'
ERROR:root:Failed to process C:\Users\Miller\OneDrive\FDD Database\EFD\FDD Database\Always Best Care Senior Services\2023\Always Best Care Senior Services_2023_Maryland_442173.pdf: Error partitioning PDF C:\Users\Miller\OneDrive\FDD Database\EFD\FDD Database\Always Best Care Senior Services\2023\Always Best Care Senior Services_2023_Maryland_442173.pdf: 'str' object has no attribute 'copy'
ERROR:root:Failed to process C:\Users\Miller\OneDrive\FDD Database\EFD\FDD Database\Always Best Care Senior Services\2023\Always Best Care Senior Services_2023_North Dakota_442173.pdf: Error partitioning PDF C:\Users\Miller\OneDrive\FDD Database\EFD\FDD Database\Always Best Care Senior Services\2023\Always Best Care Senior Services_2023_North Dakota_442173.pdf: 'str' object has no attribute 'copy'
ERROR:root:Failed to process C:\Users\Miller\OneDrive\FDD Database\EFD\FDD Database\American Leak Detection\2023\American Leak Detection_2023_Virginia_480243.pdf: Error partitioning PDF C:\Users\Miller\OneDrive\FDD Database\EFD\FDD Database\American Leak Detection\2023\American Leak Detection_2023_Virginia_480243.pdf: 'str' object has no attribute 'copy'
ERROR:root:Failed to process C:\Users\Miller\OneDrive\FDD Database\EFD\FDD Database\Ameriprise Financial Services LLC\2022\Ameriprise Financial Services LLC_2022_North Dakota_510281.pdf: Error partitioning PDF C:\Users\Miller\OneDrive\FDD Database\EFD\FDD Database\Ameriprise Financial Services LLC\2022\Ameriprise Financial Services LLC_2022_North Dakota_510281.pdf: 'str' object has no attribute 'copy'
ERROR:root:Failed to process C:\Users\Miller\OneDrive\FDD Database\EFD\FDD Database\Ameriprise Financial Services LLC\2022\Ameriprise Financial Services LLC_2022_Virginia_510281.pdf: Error partitioning PDF C:\Users\Miller\OneDrive\FDD Database\EFD\FDD Database\Ameriprise Financial Services LLC\2022\Ameriprise Financial Services LLC_2022_Virginia_510281.pdf: 'str' object has no attribute 'copy'
ERROR:root:Failed to process C:\Users\Miller\OneDrive\FDD Database\EFD\FDD Database\Ameriprise Financial Services LLC\2023\Ameriprise Financial Services LLC_2023_Maryland_510281.pdf: Error partitioning PDF C:\Users\Miller\OneDrive\FDD Database\EFD\FDD Database\Ameriprise Financial Services LLC\2023\Ameriprise Financial Services LLC_2023_Maryland_510281.pdf: [Errno 2] No such file or directory: 'C:\\Users\\Miller\\OneDrive\\FDD Database\\EFD\\FDD Database\\Ameriprise Financial Services LLC\\2023\\Ameriprise Financial Services LLC_2023_Maryland_510281.pdf'
ERROR:root:Failed to process C:\Users\Miller\OneDrive\FDD Database\EFD\FDD Database\100 CHIROPRACTIC\2023\100 CHIROPRACTIC_2023_Virginia_377288.pdf: Error partitioning PDF C:\Users\Miller\OneDrive\FDD Database\EFD\FDD Database\100 CHIROPRACTIC\2023\100 CHIROPRACTIC_2023_Virginia_377288.pdf: 'str' object has no attribute 'copy'
ERROR:root:Failed to process C:\Users\Miller\OneDrive\FDD Database\EFD\FDD Database\A Better Solution in Home Care\2023\A Better Solution in Home Care_2023_Illinois_481138.pdf: Error partitioning PDF C:\Users\Miller\OneDrive\FDD Database\EFD\FDD Database\A Better Solution in Home Care\2023\A Better Solution in Home Care_2023_Illinois_481138.pdf: 'str' object has no attribute 'copy'
CRITICAL:root:An unexpected error stopped the processing: PDFProcessor.load_error_files() takes 2 positional arguments but 3 were given
ERROR:root:Failed to process C:\Users\Miller\OneDrive\FDD Database\EFD\FDD Database\A Better Solution in Home Care\2023\A Better Solution in Home Care_2023_Illinois_481138.pdf: Error partitioning PDF C:\Users\Miller\OneDrive\FDD Database\EFD\FDD Database\A Better Solution in Home Care\2023\A Better Solution in Home Care_2023_Illinois_481138.pdf: 'str' object has no attribute 'copy'
ERROR:root:Failed to process C:\Users\Miller\OneDrive\FDD Database\EFD\FDD Database\Access Garage Doors\2023\Access Garage Doors_2023_New York_491121.pdf: Error partitioning PDF C:\Users\Miller\OneDrive\FDD Database\EFD\FDD Database\Access Garage Doors\2023\Access Garage Doors_2023_New York_491121.pdf: 'str' object has no attribute 'copy'
ERROR:root:Failed to process C:\Users\Miller\OneDrive\FDD Database\EFD\FDD Database\ActionCOACH Mid-Atlantic\2023\ActionCOACH Mid-Atlantic_2023_Maryland_438288.pdf: Error partitioning PDF C:\Users\Miller\OneDrive\FDD Database\EFD\FDD Database\ActionCOACH Mid-Atlantic\2023\ActionCOACH Mid-Atlantic_2023_Maryland_438288.pdf: 'str' object has no attribute 'copy'
ERROR:root:Failed to process C:\Users\Miller\OneDrive\FDD Database\EFD\FDD Database\Alair Homes Master\2023\Alair Homes Master_2023_Illinois_473061.pdf: Error partitioning PDF C:\Users\Miller\OneDrive\FDD Database\EFD\FDD Database\Alair Homes Master\2023\Alair Homes Master_2023_Illinois_473061.pdf: 'str' object has no attribute 'copy'
ERROR:root:Failed to process C:\Users\Miller\OneDrive\FDD Database\EFD\FDD Database\All American Pet Resorts\2023\All American Pet Resorts_2023_Virginia_477073.pdf: Error partitioning PDF C:\Users\Miller\OneDrive\FDD Database\EFD\FDD Database\All American Pet Resorts\2023\All American Pet Resorts_2023_Virginia_477073.pdf: 'str' object has no attribute 'copy'
ERROR:root:Failed to process C:\Users\Miller\OneDrive\FDD Database\EFD\FDD Database\Always Best Care Senior Services\2022\Always Best Care Senior Services_2022_Maryland_442173.pdf: Error partitioning PDF C:\Users\Miller\OneDrive\FDD Database\EFD\FDD Database\Always Best Care Senior Services\2022\Always Best Care Senior Services_2022_Maryland_442173.pdf: 'str' object has no attribute 'copy'
ERROR:root:Failed to process C:\Users\Miller\OneDrive\FDD Database\EFD\FDD Database\Always Best Care Senior Services\2022\Always Best Care Senior Services_2022_South Dakota_442173.pdf: Error partitioning PDF C:\Users\Miller\OneDrive\FDD Database\EFD\FDD Database\Always Best Care Senior Services\2022\Always Best Care Senior Services_2022_South Dakota_442173.pdf: 'str' object has no attribute 'copy'
ERROR:root:Failed to process C:\Users\Miller\OneDrive\FDD Database\EFD\FDD Database\Always Best Care Senior Services\2022\Always Best Care Senior Services_2022_Virginia_442173.pdf: Error partitioning PDF C:\Users\Miller\OneDrive\FDD Database\EFD\FDD Database\Always Best Care Senior Services\2022\Always Best Care Senior Services_2022_Virginia_442173.pdf: 'str' object has no attribute 'copy'
ERROR:root:Failed to process C:\Users\Miller\OneDrive\FDD Database\EFD\FDD Database\Always Best Care Senior Services\2023\Always Best Care Senior Services_2023_Maryland_442173.pdf: Error partitioning PDF C:\Users\Miller\OneDrive\FDD Database\EFD\FDD Database\Always Best Care Senior Services\2023\Always Best Care Senior Services_2023_Maryland_442173.pdf: 'str' object has no attribute 'copy'
ERROR:root:Failed to process C:\Users\Miller\OneDrive\FDD Database\EFD\FDD Database\Always Best Care Senior Services\2023\Always Best Care Senior Services_2023_North Dakota_442173.pdf: Error partitioning PDF C:\Users\Miller\OneDrive\FDD Database\EFD\FDD Database\Always Best Care Senior Services\2023\Always Best Care Senior Services_2023_North Dakota_442173.pdf: 'str' object has no attribute 'copy'
ERROR:root:Failed to process C:\Users\Miller\OneDrive\FDD Database\EFD\FDD Database\American Leak Detection\2023\American Leak Detection_2023_Virginia_480243.pdf: Error partitioning PDF C:\Users\Miller\OneDrive\FDD Database\EFD\FDD Database\American Leak Detection\2023\American Leak Detection_2023_Virginia_480243.pdf: 'str' object has no attribute 'copy'
ERROR:root:Failed to process C:\Users\Miller\OneDrive\FDD Database\EFD\FDD Database\Ameriprise Financial Services LLC\2022\Ameriprise Financial Services LLC_2022_North Dakota_510281.pdf: Error partitioning PDF C:\Users\Miller\OneDrive\FDD Database\EFD\FDD Database\Ameriprise Financial Services LLC\2022\Ameriprise Financial Services LLC_2022_North Dakota_510281.pdf: 'str' object has no attribute 'copy'
ERROR:root:Failed to process C:\Users\Miller\OneDrive\FDD Database\EFD\FDD Database\Ameriprise Financial Services LLC\2024\Ameriprise Financial Services LLC_2024_South Dakota_437376.pdf: Error partitioning PDF C:\Users\Miller\OneDrive\FDD Database\EFD\FDD Database\Ameriprise Financial Services LLC\2024\Ameriprise Financial Services LLC_2024_South Dakota_437376.pdf: 'str' object has no attribute 'copy'
ERROR:root:Failed to save table from page 3: 'list' object has no attribute 'to_excel'
ERROR:root:Failed to save table from page 8: 'list' object has no attribute 'to_excel'
ERROR:root:Failed to save table from page 8: 'list' object has no attribute 'to_excel'
ERROR:root:Failed to save table from page 17: 'list' object has no attribute 'to_excel'
ERROR:root:Failed to save table from page 18: 'list' object has no attribute 'to_excel'
ERROR:root:Failed to save table from page 19: 'list' object has no attribute 'to_excel'
ERROR:root:Failed to save table from page 20: 'list' object has no attribute 'to_excel'
ERROR:root:Failed to save table from page 21: 'list' object has no attribute 'to_excel'
ERROR:root:Failed to save table from page 22: 'list' object has no attribute 'to_excel'
ERROR:root:Failed to save table from page 23: 'list' object has no attribute 'to_excel'
ERROR:root:Failed to save table from page 25: 'list' object has no attribute 'to_excel'
ERROR:root:Failed to save table from page 29: 'list' object has no attribute 'to_excel'
ERROR:root:Failed to save table from page 30: 'list' object has no attribute 'to_excel'
ERROR:root:Failed to save table from page 32: 'list' object has no attribute 'to_excel'
ERROR:root:Failed to save table from page 33: 'list' object has no attribute 'to_excel'
ERROR:root:Failed to save table from page 40: No tables found matching pattern '.+'
ERROR:root:Failed to save table from page 41: 'list' object has no attribute 'to_excel'
ERROR:root:Failed to save table from page 44: 'list' object has no attribute 'to_excel'
ERROR:root:Failed to save table from page 45: 'list' object has no attribute 'to_excel'
ERROR:root:Failed to save table from page 46: 'list' object has no attribute 'to_excel'
ERROR:root:Failed to save table from page 48: 'list' object has no attribute 'to_excel'
ERROR:root:Failed to save table from page 48: 'list' object has no attribute 'to_excel'
ERROR:root:Failed to save table from page 49: 'list' object has no attribute 'to_excel'
ERROR:root:Failed to save table from page 49: 'list' object has no attribute 'to_excel'
ERROR:root:Failed to save table from page 49: 'list' object has no attribute 'to_excel'
ERROR:root:Failed to save table from page 49: 'list' object has no attribute 'to_excel'
ERROR:root:Failed to save table from page 50: 'list' object has no attribute 'to_excel'
ERROR:root:Failed to save table from page 50: 'list' object has no attribute 'to_excel'
ERROR:root:Failed to save table from page 51: 'list' object has no attribute 'to_excel'
ERROR:root:Failed to save table from page 51: 'list' object has no attribute 'to_excel'
ERROR:root:Failed to save table from page 52: 'list' object has no attribute 'to_excel'
ERROR:root:Failed to save table from page 53: 'list' object has no attribute 'to_excel'
ERROR:root:Failed to save table from page 54: 'list' object has no attribute 'to_excel'
ERROR:root:Failed to save table from page 54: 'list' object has no attribute 'to_excel'
ERROR:root:Failed to save table from page 55: 'list' object has no attribute 'to_excel'
ERROR:root:Failed to save table from page 56: 'list' object has no attribute 'to_excel'
ERROR:root:Failed to save table from page 60: 'list' object has no attribute 'to_excel'
ERROR:root:Failed to save table from page 62: 'list' object has no attribute 'to_excel'
ERROR:root:Failed to save table from page 62: 'list' object has no attribute 'to_excel'
ERROR:root:Failed to save table from page 63: 'list' object has no attribute 'to_excel'
ERROR:root:Failed to save table from page 63: 'list' object has no attribute 'to_excel'
ERROR:root:Failed to save table from page 64: 'list' object has no attribute 'to_excel'
ERROR:root:Failed to save table from page 65: 'list' object has no attribute 'to_excel'
ERROR:root:Failed to save table from page 71: 'list' object has no attribute 'to_excel'
ERROR:root:Failed to save table from page 71: 'list' object has no attribute 'to_excel'
ERROR:root:Failed to save table from page 99: 'list' object has no attribute 'to_excel'
ERROR:root:Failed to save table from page 99: 'list' object has no attribute 'to_excel'
ERROR:root:Failed to save table from page 99: 'list' object has no attribute 'to_excel'
ERROR:root:Failed to save table from page 101: 'list' object has no attribute 'to_excel'
ERROR:root:Failed to save table from page 104: 'list' object has no attribute 'to_excel'
ERROR:root:Failed to save table from page 104: 'list' object has no attribute 'to_excel'
ERROR:root:Failed to save table from page 105: 'list' object has no attribute 'to_excel'
ERROR:root:Failed to save table from page 113: 'list' object has no attribute 'to_excel'
ERROR:root:Failed to save table from page 122: 'list' object has no attribute 'to_excel'
ERROR:root:Failed to save table from page 123: 'list' object has no attribute 'to_excel'
ERROR:root:Failed to save table from page 124: 'list' object has no attribute 'to_excel'
ERROR:root:Failed to save table from page 144: 'list' object has no attribute 'to_excel'
ERROR:root:Failed to save table from page 146: 'list' object has no attribute 'to_excel'
ERROR:root:Failed to save table from page 148: 'list' object has no attribute 'to_excel'
ERROR:root:Failed to save table from page 158: 'list' object has no attribute 'to_excel'
ERROR:root:Failed to save table from page 158: 'list' object has no attribute 'to_excel'
ERROR:root:Failed to save table from page 159: 'list' object has no attribute 'to_excel'
ERROR:root:Failed to save table from page 159: 'list' object has no attribute 'to_excel'
ERROR:root:Failed to save table from page 159: 'list' object has no attribute 'to_excel'
ERROR:root:Failed to save table from page 159: 'list' object has no attribute 'to_excel'
ERROR:root:Failed to save table from page 161: 'list' object has no attribute 'to_excel'
ERROR:root:Failed to save table from page 162: 'list' object has no attribute 'to_excel'
ERROR:root:Failed to save table from page 163: 'list' object has no attribute 'to_excel'
ERROR:root:Failed to save table from page 164: 'list' object has no attribute 'to_excel'
ERROR:root:Failed to save table from page 165: 'list' object has no attribute 'to_excel'
ERROR:root:Failed to save table from page 166: 'list' object has no attribute 'to_excel'
ERROR:root:Failed to save table from page 167: 'list' object has no attribute 'to_excel'
ERROR:root:Failed to save table from page 168: 'list' object has no attribute 'to_excel'
ERROR:root:Failed to save table from page 168: 'list' object has no attribute 'to_excel'
ERROR:root:Failed to save table from page 169: 'list' object has no attribute 'to_excel'
ERROR:root:Failed to save table from page 169: 'list' object has no attribute 'to_excel'
ERROR:root:Failed to save table from page 170: 'list' object has no attribute 'to_excel'
ERROR:root:Failed to save table from page 172: 'list' object has no attribute 'to_excel'
ERROR:root:Failed to save table from page 2: 'list' object has no attribute 'to_excel'
ERROR:root:Failed to save table from page 5: 'list' object has no attribute 'to_excel'
ERROR:root:Failed to save table from page 13: 'list' object has no attribute 'to_excel'
ERROR:root:Failed to save table from page 14: 'list' object has no attribute 'to_excel'
ERROR:root:Failed to save table from page 15: 'list' object has no attribute 'to_excel'
ERROR:root:Failed to save table from page 16: 'list' object has no attribute 'to_excel'
ERROR:root:Failed to save table from page 17: 'list' object has no attribute 'to_excel'
ERROR:root:Failed to save table from page 18: 'list' object has no attribute 'to_excel'
ERROR:root:Failed to save table from page 19: 'list' object has no attribute 'to_excel'
ERROR:root:Failed to save table from page 21: 'list' object has no attribute 'to_excel'
ERROR:root:Failed to save table from page 24: 'list' object has no attribute 'to_excel'
ERROR:root:Failed to save table from page 25: 'list' object has no attribute 'to_excel'
ERROR:root:Failed to save table from page 26: 'list' object has no attribute 'to_excel'
ERROR:root:Failed to save table from page 28: 'list' object has no attribute 'to_excel'
ERROR:root:Failed to save table from page 28: 'list' object has no attribute 'to_excel'
ERROR:root:Failed to save table from page 29: 'list' object has no attribute 'to_excel'
ERROR:root:Failed to save table from page 36: 'list' object has no attribute 'to_excel'
ERROR:root:Failed to save table from page 38: 'list' object has no attribute 'to_excel'
ERROR:root:Failed to save table from page 39: 'list' object has no attribute 'to_excel'
ERROR:root:Failed to save table from page 40: 'list' object has no attribute 'to_excel'
ERROR:root:Failed to save table from page 41: 'list' object has no attribute 'to_excel'
ERROR:root:Failed to save table from page 42: 'list' object has no attribute 'to_excel'
ERROR:root:Failed to save table from page 43: 'list' object has no attribute 'to_excel'
ERROR:root:Failed to save table from page 43: 'list' object has no attribute 'to_excel'
ERROR:root:Failed to save table from page 44: 'list' object has no attribute 'to_excel'
ERROR:root:Failed to save table from page 45: 'list' object has no attribute 'to_excel'
ERROR:root:Failed to save table from page 45: 'list' object has no attribute 'to_excel'
ERROR:root:Failed to save table from page 46: 'list' object has no attribute 'to_excel'
ERROR:root:Failed to save table from page 47: 'list' object has no attribute 'to_excel'
ERROR:root:Failed to save table from page 48: 'list' object has no attribute 'to_excel'
ERROR:root:Failed to save table from page 48: 'list' object has no attribute 'to_excel'
ERROR:root:Failed to save table from page 48: 'list' object has no attribute 'to_excel'
ERROR:root:Failed to save table from page 49: 'list' object has no attribute 'to_excel'
ERROR:root:Failed to save table from page 50: 'list' object has no attribute 'to_excel'
ERROR:root:Failed to save table from page 54: 'list' object has no attribute 'to_excel'
ERROR:root:Failed to save table from page 54: 'list' object has no attribute 'to_excel'
ERROR:root:Failed to save table from page 55: 'list' object has no attribute 'to_excel'
ERROR:root:Failed to save table from page 55: 'list' object has no attribute 'to_excel'
ERROR:root:Failed to save table from page 57: 'list' object has no attribute 'to_excel'
ERROR:root:Failed to save table from page 63: 'list' object has no attribute 'to_excel'
ERROR:root:Failed to save table from page 63: 'list' object has no attribute 'to_excel'
ERROR:root:Failed to save table from page 93: 'list' object has no attribute 'to_excel'
ERROR:root:Failed to save table from page 93: 'list' object has no attribute 'to_excel'
ERROR:root:Failed to save table from page 93: 'list' object has no attribute 'to_excel'
ERROR:root:Failed to save table from page 102: 'list' object has no attribute 'to_excel'
ERROR:root:Failed to save table from page 114: 'list' object has no attribute 'to_excel'
ERROR:root:Failed to save table from page 114: 'list' object has no attribute 'to_excel'
ERROR:root:Failed to save table from page 116: 'list' object has no attribute 'to_excel'
ERROR:root:Failed to save table from page 117: 'list' object has no attribute 'to_excel'
ERROR:root:Failed to save table from page 150: 'list' object has no attribute 'to_excel'
ERROR:root:Failed to save table from page 152: 'list' object has no attribute 'to_excel'
ERROR:root:Failed to save table from page 153: 'list' object has no attribute 'to_excel'
ERROR:root:Failed to save table from page 154: 'list' object has no attribute 'to_excel'
ERROR:root:Failed to save table from page 155: 'list' object has no attribute 'to_excel'
ERROR:root:Failed to save table from page 156: 'list' object has no attribute 'to_excel'
ERROR:root:Failed to save table from page 157: 'list' object has no attribute 'to_excel'
ERROR:root:Failed to save table from page 158: 'list' object has no attribute 'to_excel'
ERROR:root:Failed to save table from page 158: 'list' object has no attribute 'to_excel'
ERROR:root:Failed to save table from page 159: 'list' object has no attribute 'to_excel'
ERROR:root:Failed to save table from page 159: 'list' object has no attribute 'to_excel'
ERROR:root:Failed to save table from page 162: 'list' object has no attribute 'to_excel'
ERROR:root:Failed to save table from page 167: 'list' object has no attribute 'to_excel'
ERROR:root:Failed to save table from page 168: 'list' object has no attribute 'to_excel'
ERROR:root:Failed to save table from page 169: 'list' object has no attribute 'to_excel'
ERROR:unstructured:[Errno 13] Permission denied: 'C:\\Users\\Miller\\AppData\\Local\\Temp\\tmpdyx9i0tp'
ERROR:root:Failed to process C:\Users\Miller\OneDrive\FDD Database\EFD\FDD Database\Anytime Fitness\2021\Anytime Fitness_2021_North Dakota_409675.pdf: Error partitioning PDF C:\Users\Miller\OneDrive\FDD Database\EFD\FDD Database\Anytime Fitness\2021\Anytime Fitness_2021_North Dakota_409675.pdf: 'str' object has no attribute 'copy'
ERROR:root:Failed to save table from page 2: 'list' object has no attribute 'to_excel'
ERROR:root:Failed to save table from page 7: 'list' object has no attribute 'to_excel'
ERROR:root:Failed to save table from page 17: 'list' object has no attribute 'to_excel'
ERROR:root:Failed to save table from page 18: 'list' object has no attribute 'to_excel'
ERROR:root:Failed to save table from page 20: 'list' object has no attribute 'to_excel'
ERROR:root:Failed to save table from page 21: 'list' object has no attribute 'to_excel'
ERROR:root:Failed to save table from page 22: 'list' object has no attribute 'to_excel'
ERROR:root:Failed to save table from page 23: 'list' object has no attribute 'to_excel'
ERROR:root:Failed to save table from page 24: 'list' object has no attribute 'to_excel'
ERROR:root:Failed to save table from page 25: 'list' object has no attribute 'to_excel'
ERROR:root:Failed to save table from page 26: 'list' object has no attribute 'to_excel'
ERROR:root:Failed to save table from page 29: 'list' object has no attribute 'to_excel'
ERROR:root:Failed to save table from page 30: 'list' object has no attribute 'to_excel'
ERROR:root:Failed to save table from page 36: 'list' object has no attribute 'to_excel'
ERROR:root:Failed to save table from page 37: 'list' object has no attribute 'to_excel'
ERROR:root:Failed to save table from page 42: 'list' object has no attribute 'to_excel'
ERROR:root:Failed to save table from page 47: 'list' object has no attribute 'to_excel'
ERROR:root:Failed to save table from page 49: 'list' object has no attribute 'to_excel'
ERROR:root:Failed to save table from page 55: 'list' object has no attribute 'to_excel'
ERROR:root:Failed to save table from page 57: 'list' object has no attribute 'to_excel'
ERROR:root:Failed to save table from page 58: 'list' object has no attribute 'to_excel'
ERROR:root:Failed to save table from page 59: 'list' object has no attribute 'to_excel'
ERROR:root:Failed to save table from page 60: 'list' object has no attribute 'to_excel'
ERROR:root:Failed to save table from page 61: 'list' object has no attribute 'to_excel'
ERROR:root:Failed to save table from page 62: 'list' object has no attribute 'to_excel'
ERROR:root:Failed to save table from page 62: 'list' object has no attribute 'to_excel'
ERROR:root:Failed to save table from page 63: 'list' object has no attribute 'to_excel'
ERROR:root:Failed to save table from page 63: 'list' object has no attribute 'to_excel'
ERROR:root:Failed to save table from page 64: 'list' object has no attribute 'to_excel'
ERROR:root:Failed to save table from page 65: 'list' object has no attribute 'to_excel'
ERROR:root:Failed to save table from page 66: 'list' object has no attribute 'to_excel'
ERROR:root:Failed to save table from page 66: 'list' object has no attribute 'to_excel'
ERROR:root:Failed to save table from page 67: 'list' object has no attribute 'to_excel'
ERROR:root:Failed to save table from page 68: 'list' object has no attribute 'to_excel'
ERROR:root:Failed to save table from page 69: 'list' object has no attribute 'to_excel'
ERROR:root:Failed to save table from page 69: 'list' object has no attribute 'to_excel'
ERROR:root:Failed to save table from page 70: 'list' object has no attribute 'to_excel'
ERROR:root:Failed to save table from page 71: 'list' object has no attribute 'to_excel'
ERROR:root:Failed to save table from page 72: 'list' object has no attribute 'to_excel'
ERROR:root:Failed to save table from page 72: 'list' object has no attribute 'to_excel'
ERROR:root:Failed to save table from page 73: 'list' object has no attribute 'to_excel'
ERROR:root:Failed to save table from page 74: 'list' object has no attribute 'to_excel'
ERROR:root:Failed to save table from page 81: 'list' object has no attribute 'to_excel'
ERROR:root:Failed to save table from page 83: 'list' object has no attribute 'to_excel'
ERROR:root:Failed to save table from page 84: 'list' object has no attribute 'to_excel'
ERROR:root:Failed to save table from page 85: 'list' object has no attribute 'to_excel'
ERROR:root:Failed to save table from page 86: 'list' object has no attribute 'to_excel'
ERROR:root:Failed to save table from page 87: 'list' object has no attribute 'to_excel'
ERROR:root:Failed to save table from page 88: 'list' object has no attribute 'to_excel'
ERROR:root:Failed to save table from page 89: 'list' object has no attribute 'to_excel'
ERROR:root:Failed to save table from page 90: 'list' object has no attribute 'to_excel'
ERROR:root:Failed to save table from page 91: 'list' object has no attribute 'to_excel'
ERROR:root:Failed to save table from page 92: 'list' object has no attribute 'to_excel'
ERROR:root:Failed to save table from page 93: 'list' object has no attribute 'to_excel'
ERROR:root:Failed to save table from page 94: 'list' object has no attribute 'to_excel'
ERROR:root:Failed to save table from page 95: 'list' object has no attribute 'to_excel'
ERROR:root:Failed to save table from page 96: 'list' object has no attribute 'to_excel'
ERROR:root:Failed to save table from page 97: 'list' object has no attribute 'to_excel'
ERROR:root:Failed to save table from page 98: 'list' object has no attribute 'to_excel'
ERROR:root:Failed to save table from page 99: 'list' object has no attribute 'to_excel'
ERROR:root:Failed to save table from page 100: 'list' object has no attribute 'to_excel'
ERROR:root:Failed to save table from page 101: 'list' object has no attribute 'to_excel'
ERROR:root:Failed to save table from page 102: 'list' object has no attribute 'to_excel'
ERROR:root:Failed to save table from page 103: 'list' object has no attribute 'to_excel'
ERROR:root:Failed to save table from page 104: 'list' object has no attribute 'to_excel'
ERROR:root:Failed to save table from page 105: 'list' object has no attribute 'to_excel'
ERROR:root:Failed to save table from page 106: 'list' object has no attribute 'to_excel'
ERROR:root:Failed to save table from page 107: 'list' object has no attribute 'to_excel'
ERROR:root:Failed to save table from page 108: 'list' object has no attribute 'to_excel'
ERROR:root:Failed to save table from page 109: 'list' object has no attribute 'to_excel'
ERROR:root:Failed to save table from page 110: 'list' object has no attribute 'to_excel'
ERROR:root:Failed to save table from page 111: 'list' object has no attribute 'to_excel'
ERROR:root:Failed to save table from page 112: 'list' object has no attribute 'to_excel'
ERROR:root:Failed to save table from page 113: 'list' object has no attribute 'to_excel'
ERROR:root:Failed to save table from page 114: 'list' object has no attribute 'to_excel'
ERROR:root:Failed to save table from page 115: 'list' object has no attribute 'to_excel'
ERROR:root:Failed to save table from page 116: 'list' object has no attribute 'to_excel'
ERROR:root:Failed to save table from page 117: 'list' object has no attribute 'to_excel'
ERROR:root:Failed to save table from page 118: 'list' object has no attribute 'to_excel'
ERROR:root:Failed to save table from page 119: 'list' object has no attribute 'to_excel'
ERROR:root:Failed to save table from page 120: 'list' object has no attribute 'to_excel'
ERROR:root:Failed to save table from page 121: 'list' object has no attribute 'to_excel'
ERROR:root:Failed to save table from page 122: 'list' object has no attribute 'to_excel'
ERROR:root:Failed to save table from page 123: 'list' object has no attribute 'to_excel'
ERROR:root:Failed to save table from page 124: 'list' object has no attribute 'to_excel'
ERROR:root:Failed to save table from page 125: 'list' object has no attribute 'to_excel'
ERROR:root:Failed to save table from page 126: 'list' object has no attribute 'to_excel'
ERROR:root:Failed to save table from page 127: 'list' object has no attribute 'to_excel'
ERROR:root:Failed to save table from page 128: 'list' object has no attribute 'to_excel'
ERROR:root:Failed to save table from page 129: 'list' object has no attribute 'to_excel'
ERROR:root:Failed to save table from page 130: 'list' object has no attribute 'to_excel'
ERROR:root:Failed to save table from page 131: 'list' object has no attribute 'to_excel'
ERROR:root:Failed to save table from page 132: 'list' object has no attribute 'to_excel'
ERROR:root:Failed to save table from page 133: 'list' object has no attribute 'to_excel'
ERROR:root:Failed to save table from page 134: 'list' object has no attribute 'to_excel'
ERROR:root:Failed to save table from page 135: 'list' object has no attribute 'to_excel'
ERROR:root:Failed to save table from page 140: 'list' object has no attribute 'to_excel'
ERROR:root:Failed to save table from page 145: 'list' object has no attribute 'to_excel'
ERROR:root:Failed to save table from page 146: 'list' object has no attribute 'to_excel'
ERROR:root:Failed to save table from page 147: 'list' object has no attribute 'to_excel'
ERROR:root:Failed to save table from page 150: 'list' object has no attribute 'to_excel'
ERROR:root:Failed to save table from page 151: 'list' object has no attribute 'to_excel'
ERROR:root:Failed to save table from page 154: 'list' object has no attribute 'to_excel'
ERROR:root:Failed to save table from page 159: 'list' object has no attribute 'to_excel'
ERROR:root:Failed to save table from page 160: 'list' object has no attribute 'to_excel'
ERROR:root:Failed to save table from page 161: 'list' object has no attribute 'to_excel'
ERROR:root:Failed to save table from page 162: 'list' object has no attribute 'to_excel'
ERROR:root:Failed to save table from page 163: 'list' object has no attribute 'to_excel'
ERROR:root:Failed to save table from page 171: 'list' object has no attribute 'to_excel'
ERROR:root:Failed to save table from page 172: 'list' object has no attribute 'to_excel'
ERROR:root:Failed to save table from page 172: 'list' object has no attribute 'to_excel'
ERROR:root:Failed to save table from page 173: 'list' object has no attribute 'to_excel'
ERROR:root:Failed to save table from page 174: 'list' object has no attribute 'to_excel'
ERROR:root:Failed to save table from page 174: 'list' object has no attribute 'to_excel'
ERROR:root:Failed to save table from page 175: 'list' object has no attribute 'to_excel'
ERROR:root:Failed to save table from page 175: 'list' object has no attribute 'to_excel'
ERROR:root:Failed to save table from page 176: 'list' object has no attribute 'to_excel'
ERROR:root:Failed to save table from page 177: 'list' object has no attribute 'to_excel'
ERROR:root:Failed to save table from page 178: 'list' object has no attribute 'to_excel'
ERROR:root:Failed to save table from page 178: 'list' object has no attribute 'to_excel'
ERROR:root:Failed to save table from page 178: 'list' object has no attribute 'to_excel'
ERROR:root:Failed to save table from page 179: 'list' object has no attribute 'to_excel'
ERROR:root:Failed to save table from page 179: 'list' object has no attribute 'to_excel'
ERROR:root:Failed to save table from page 180: 'list' object has no attribute 'to_excel'
ERROR:root:Failed to save table from page 180: 'list' object has no attribute 'to_excel'
ERROR:root:Failed to save table from page 180: 'list' object has no attribute 'to_excel'
ERROR:root:Failed to save table from page 181: 'list' object has no attribute 'to_excel'
ERROR:root:Failed to save table from page 184: 'list' object has no attribute 'to_excel'
ERROR:root:Failed to save table from page 192: 'list' object has no attribute 'to_excel'
ERROR:root:Failed to save table from page 199: 'list' object has no attribute 'to_excel'
ERROR:root:Failed to save table from page 199: 'list' object has no attribute 'to_excel'
ERROR:root:Failed to save table from page 226: 'list' object has no attribute 'to_excel'
ERROR:root:Failed to save table from page 226: 'list' object has no attribute 'to_excel'
ERROR:root:Failed to save table from page 231: No tables found matching pattern '.+'
ERROR:root:Failed to save table from page 231: 'list' object has no attribute 'to_excel'
ERROR:root:Failed to save table from page 232: 'list' object has no attribute 'to_excel'
ERROR:root:Failed to save table from page 232: 'list' object has no attribute 'to_excel'
ERROR:root:Failed to save table from page 233: 'list' object has no attribute 'to_excel'
ERROR:root:Failed to save table from page 233: No tables found matching pattern '.+'
ERROR:root:Failed to save table from page 234: 'list' object has no attribute 'to_excel'
ERROR:root:Failed to save table from page 234: No tables found matching pattern '.+'
ERROR:root:Failed to save table from page 235: 'list' object has no attribute 'to_excel'
ERROR:root:Failed to save table from page 235: No tables found matching pattern '.+'
ERROR:root:Failed to save table from page 236: 'list' object has no attribute 'to_excel'
ERROR:root:Failed to save table from page 238: 'list' object has no attribute 'to_excel'
ERROR:root:Failed to save table from page 238: 'list' object has no attribute 'to_excel'
ERROR:root:Failed to save table from page 242: 'list' object has no attribute 'to_excel'
ERROR:root:Failed to save table from page 242: 'list' object has no attribute 'to_excel'
ERROR:root:Failed to save table from page 242: 'list' object has no attribute 'to_excel'
ERROR:root:Failed to save table from page 242: 'list' object has no attribute 'to_excel'
ERROR:root:Failed to save table from page 245: 'list' object has no attribute 'to_excel'
ERROR:root:Failed to save table from page 252: 'list' object has no attribute 'to_excel'
ERROR:root:Failed to save table from page 253: No tables found matching pattern '.+'
ERROR:root:Failed to save table from page 255: 'list' object has no attribute 'to_excel'
ERROR:root:Failed to save table from page 255: 'list' object has no attribute 'to_excel'
ERROR:root:Failed to save table from page 256: 'list' object has no attribute 'to_excel'
ERROR:root:Failed to save table from page 256: 'list' object has no attribute 'to_excel'
ERROR:root:Failed to save table from page 258: 'list' object has no attribute 'to_excel'
ERROR:root:Failed to save table from page 258: 'list' object has no attribute 'to_excel'
ERROR:root:Failed to save table from page 259: 'list' object has no attribute 'to_excel'
ERROR:root:Failed to save table from page 261: 'list' object has no attribute 'to_excel'
ERROR:root:Failed to save table from page 261: 'list' object has no attribute 'to_excel'
ERROR:root:Failed to save table from page 284: 'list' object has no attribute 'to_excel'
ERROR:root:Failed to save table from page 284: 'list' object has no attribute 'to_excel'
ERROR:root:Failed to save table from page 285: 'list' object has no attribute 'to_excel'
ERROR:root:Failed to save table from page 292: 'list' object has no attribute 'to_excel'
ERROR:root:Failed to save table from page 308: 'list' object has no attribute 'to_excel'
ERROR:root:Failed to save table from page 312: 'list' object has no attribute 'to_excel'
ERROR:root:Failed to save table from page 320: 'list' object has no attribute 'to_excel'
ERROR:root:Failed to save table from page 321: 'list' object has no attribute 'to_excel'
ERROR:root:Failed to save table from page 322: 'list' object has no attribute 'to_excel'
ERROR:root:Failed to save table from page 322: 'list' object has no attribute 'to_excel'
ERROR:root:Failed to save table from page 323: 'list' object has no attribute 'to_excel'
ERROR:root:Failed to save table from page 325: 'list' object has no attribute 'to_excel'
ERROR:root:Failed to save table from page 326: 'list' object has no attribute 'to_excel'
ERROR:root:Failed to save table from page 326: 'list' object has no attribute 'to_excel'
ERROR:root:Failed to save table from page 335: 'list' object has no attribute 'to_excel'
ERROR:root:Failed to save table from page 337: 'list' object has no attribute 'to_excel'
ERROR:root:Failed to save table from page 337: 'list' object has no attribute 'to_excel'
ERROR:root:Failed to save table from page 348: 'list' object has no attribute 'to_excel'
ERROR:root:Failed to save table from page 350: 'list' object has no attribute 'to_excel'
ERROR:root:Failed to save table from page 353: 'list' object has no attribute 'to_excel'
ERROR:root:Failed to save table from page 359: 'list' object has no attribute 'to_excel'
ERROR:root:Failed to save table from page 363: 'list' object has no attribute 'to_excel'
ERROR:root:Failed to save table from page 381: 'list' object has no attribute 'to_excel'
ERROR:root:Failed to save table from page 383: 'list' object has no attribute 'to_excel'
ERROR:root:Failed to save table from page 386: 'list' object has no attribute 'to_excel'
ERROR:root:Failed to save table from page 2: 'list' object has no attribute 'to_excel'
ERROR:root:Failed to save table from page 7: 'list' object has no attribute 'to_excel'
ERROR:root:Failed to save table from page 15: 'list' object has no attribute 'to_excel'
ERROR:root:Failed to save table from page 16: 'list' object has no attribute 'to_excel'
ERROR:root:Failed to save table from page 19: 'list' object has no attribute 'to_excel'
ERROR:root:Failed to save table from page 20: 'list' object has no attribute 'to_excel'
ERROR:root:Failed to save table from page 21: 'list' object has no attribute 'to_excel'
ERROR:root:Failed to save table from page 22: 'list' object has no attribute 'to_excel'
ERROR:root:Failed to save table from page 23: 'list' object has no attribute 'to_excel'
ERROR:root:Failed to save table from page 24: 'list' object has no attribute 'to_excel'
ERROR:root:Failed to save table from page 27: 'list' object has no attribute 'to_excel'
ERROR:root:Failed to save table from page 28: 'list' object has no attribute 'to_excel'
ERROR:root:Failed to save table from page 35: 'list' object has no attribute 'to_excel'
ERROR:root:Failed to save table from page 36: 'list' object has no attribute 'to_excel'
ERROR:root:Failed to save table from page 41: 'list' object has no attribute 'to_excel'
ERROR:root:Failed to save table from page 47: 'list' object has no attribute 'to_excel'
ERROR:root:Failed to save table from page 48: 'list' object has no attribute 'to_excel'
ERROR:root:Failed to save table from page 55: 'list' object has no attribute 'to_excel'
ERROR:root:Failed to save table from page 58: 'list' object has no attribute 'to_excel'
ERROR:root:Failed to save table from page 59: 'list' object has no attribute 'to_excel'
ERROR:root:Failed to save table from page 60: 'list' object has no attribute 'to_excel'
ERROR:root:Failed to save table from page 61: 'list' object has no attribute 'to_excel'
ERROR:root:Failed to save table from page 62: 'list' object has no attribute 'to_excel'
ERROR:root:Failed to save table from page 63: 'list' object has no attribute 'to_excel'
ERROR:root:Failed to save table from page 64: 'list' object has no attribute 'to_excel'
ERROR:root:Failed to save table from page 64: 'list' object has no attribute 'to_excel'
ERROR:root:Failed to save table from page 65: 'list' object has no attribute 'to_excel'
ERROR:root:Failed to save table from page 66: 'list' object has no attribute 'to_excel'
ERROR:root:Failed to save table from page 67: 'list' object has no attribute 'to_excel'
ERROR:root:Failed to save table from page 68: 'list' object has no attribute 'to_excel'
ERROR:root:Failed to save table from page 68: 'list' object has no attribute 'to_excel'
ERROR:root:Failed to save table from page 69: 'list' object has no attribute 'to_excel'
ERROR:root:Failed to save table from page 70: 'list' object has no attribute 'to_excel'
ERROR:root:Failed to save table from page 71: 'list' object has no attribute 'to_excel'
ERROR:root:Failed to save table from page 71: 'list' object has no attribute 'to_excel'
ERROR:root:Failed to save table from page 72: 'list' object has no attribute 'to_excel'
ERROR:root:Failed to save table from page 73: 'list' object has no attribute 'to_excel'
ERROR:root:Failed to save table from page 74: 'list' object has no attribute 'to_excel'
ERROR:root:Failed to save table from page 74: 'list' object has no attribute 'to_excel'
ERROR:root:Failed to save table from page 75: 'list' object has no attribute 'to_excel'
ERROR:root:Failed to save table from page 76: 'list' object has no attribute 'to_excel'
ERROR:root:Failed to save table from page 83: 'list' object has no attribute 'to_excel'
ERROR:root:Failed to save table from page 85: 'list' object has no attribute 'to_excel'
ERROR:root:Failed to save table from page 86: 'list' object has no attribute 'to_excel'
ERROR:root:Failed to save table from page 87: 'list' object has no attribute 'to_excel'
ERROR:root:Failed to save table from page 88: 'list' object has no attribute 'to_excel'
ERROR:root:Failed to save table from page 89: 'list' object has no attribute 'to_excel'
ERROR:root:Failed to save table from page 90: 'list' object has no attribute 'to_excel'
ERROR:root:Failed to save table from page 91: 'list' object has no attribute 'to_excel'
ERROR:root:Failed to save table from page 92: 'list' object has no attribute 'to_excel'
ERROR:root:Failed to save table from page 93: 'list' object has no attribute 'to_excel'
ERROR:root:Failed to save table from page 94: 'list' object has no attribute 'to_excel'
ERROR:root:Failed to save table from page 95: 'list' object has no attribute 'to_excel'
ERROR:root:Failed to save table from page 96: 'list' object has no attribute 'to_excel'
ERROR:root:Failed to save table from page 97: 'list' object has no attribute 'to_excel'
ERROR:root:Failed to save table from page 98: 'list' object has no attribute 'to_excel'
ERROR:root:Failed to save table from page 99: 'list' object has no attribute 'to_excel'
ERROR:root:Failed to save table from page 100: 'list' object has no attribute 'to_excel'
ERROR:root:Failed to save table from page 101: 'list' object has no attribute 'to_excel'
ERROR:root:Failed to save table from page 102: 'list' object has no attribute 'to_excel'
ERROR:root:Failed to save table from page 103: 'list' object has no attribute 'to_excel'
ERROR:root:Failed to save table from page 104: 'list' object has no attribute 'to_excel'
ERROR:root:Failed to save table from page 105: 'list' object has no attribute 'to_excel'
ERROR:root:Failed to save table from page 106: 'list' object has no attribute 'to_excel'
ERROR:root:Failed to save table from page 107: 'list' object has no attribute 'to_excel'
ERROR:root:Failed to save table from page 108: 'list' object has no attribute 'to_excel'
ERROR:root:Failed to save table from page 109: 'list' object has no attribute 'to_excel'
ERROR:root:Failed to save table from page 110: 'list' object has no attribute 'to_excel'
ERROR:root:Failed to save table from page 111: 'list' object has no attribute 'to_excel'
ERROR:root:Failed to save table from page 112: 'list' object has no attribute 'to_excel'
ERROR:root:Failed to save table from page 113: 'list' object has no attribute 'to_excel'
ERROR:root:Failed to save table from page 114: 'list' object has no attribute 'to_excel'
ERROR:root:Failed to save table from page 115: 'list' object has no attribute 'to_excel'
ERROR:root:Failed to save table from page 116: 'list' object has no attribute 'to_excel'
ERROR:root:Failed to save table from page 117: 'list' object has no attribute 'to_excel'
ERROR:root:Failed to save table from page 118: 'list' object has no attribute 'to_excel'
ERROR:root:Failed to save table from page 119: 'list' object has no attribute 'to_excel'
ERROR:root:Failed to save table from page 120: 'list' object has no attribute 'to_excel'
ERROR:root:Failed to save table from page 121: 'list' object has no attribute 'to_excel'
ERROR:root:Failed to save table from page 122: 'list' object has no attribute 'to_excel'
ERROR:root:Failed to save table from page 123: 'list' object has no attribute 'to_excel'
ERROR:root:Failed to save table from page 124: 'list' object has no attribute 'to_excel'
ERROR:root:Failed to save table from page 125: 'list' object has no attribute 'to_excel'
ERROR:root:Failed to save table from page 126: 'list' object has no attribute 'to_excel'
ERROR:root:Failed to save table from page 127: 'list' object has no attribute 'to_excel'
ERROR:root:Failed to save table from page 128: 'list' object has no attribute 'to_excel'
ERROR:root:Failed to save table from page 129: 'list' object has no attribute 'to_excel'
ERROR:root:Failed to save table from page 130: 'list' object has no attribute 'to_excel'
ERROR:root:Failed to save table from page 131: 'list' object has no attribute 'to_excel'
ERROR:root:Failed to save table from page 132: 'list' object has no attribute 'to_excel'
ERROR:root:Failed to save table from page 137: 'list' object has no attribute 'to_excel'
ERROR:root:Failed to save table from page 141: 'list' object has no attribute 'to_excel'
ERROR:root:Failed to save table from page 142: 'list' object has no attribute 'to_excel'
ERROR:root:Failed to save table from page 143: 'list' object has no attribute 'to_excel'
ERROR:root:Failed to save table from page 144: 'list' object has no attribute 'to_excel'
ERROR:root:Failed to save table from page 147: 'list' object has no attribute 'to_excel'
ERROR:root:Failed to save table from page 148: 'list' object has no attribute 'to_excel'
ERROR:root:Failed to save table from page 151: 'list' object has no attribute 'to_excel'
ERROR:root:Failed to save table from page 156: 'list' object has no attribute 'to_excel'
ERROR:root:Failed to save table from page 157: 'list' object has no attribute 'to_excel'
ERROR:root:Failed to save table from page 158: 'list' object has no attribute 'to_excel'
ERROR:root:Failed to save table from page 159: 'list' object has no attribute 'to_excel'
ERROR:root:Failed to save table from page 160: 'list' object has no attribute 'to_excel'
ERROR:root:Failed to save table from page 169: 'list' object has no attribute 'to_excel'
ERROR:root:Failed to save table from page 169: 'list' object has no attribute 'to_excel'
ERROR:root:Failed to save table from page 169: 'list' object has no attribute 'to_excel'
ERROR:root:Failed to save table from page 170: 'list' object has no attribute 'to_excel'
ERROR:root:Failed to save table from page 171: 'list' object has no attribute 'to_excel'
ERROR:root:Failed to save table from page 171: 'list' object has no attribute 'to_excel'
ERROR:root:Failed to save table from page 172: 'list' object has no attribute 'to_excel'
ERROR:root:Failed to save table from page 172: 'list' object has no attribute 'to_excel'
ERROR:root:Failed to save table from page 174: 'list' object has no attribute 'to_excel'
ERROR:root:Failed to save table from page 174: 'list' object has no attribute 'to_excel'
ERROR:root:Failed to save table from page 174: 'list' object has no attribute 'to_excel'
ERROR:root:Failed to save table from page 175: 'list' object has no attribute 'to_excel'
ERROR:root:Failed to save table from page 175: 'list' object has no attribute 'to_excel'
ERROR:root:Failed to save table from page 175: 'list' object has no attribute 'to_excel'
ERROR:root:Failed to save table from page 176: 'list' object has no attribute 'to_excel'
ERROR:root:Failed to save table from page 176: 'list' object has no attribute 'to_excel'
ERROR:root:Failed to save table from page 177: 'list' object has no attribute 'to_excel'
ERROR:root:Failed to save table from page 178: 'list' object has no attribute 'to_excel'
ERROR:root:Failed to save table from page 181: 'list' object has no attribute 'to_excel'
ERROR:root:Failed to save table from page 191: 'list' object has no attribute 'to_excel'
ERROR:root:Failed to save table from page 197: 'list' object has no attribute 'to_excel'
ERROR:root:Failed to save table from page 225: 'list' object has no attribute 'to_excel'
ERROR:root:Failed to save table from page 225: 'list' object has no attribute 'to_excel'
ERROR:root:Failed to save table from page 230: No tables found matching pattern '.+'
ERROR:root:Failed to save table from page 230: 'list' object has no attribute 'to_excel'
ERROR:root:Failed to save table from page 231: 'list' object has no attribute 'to_excel'
ERROR:root:Failed to save table from page 231: 'list' object has no attribute 'to_excel'
ERROR:root:Failed to save table from page 233: 'list' object has no attribute 'to_excel'
ERROR:root:Failed to save table from page 233: No tables found matching pattern '.+'
ERROR:root:Failed to save table from page 234: 'list' object has no attribute 'to_excel'
ERROR:root:Failed to save table from page 234: 'list' object has no attribute 'to_excel'
ERROR:root:Failed to save table from page 235: 'list' object has no attribute 'to_excel'
ERROR:root:Failed to save table from page 236: 'list' object has no attribute 'to_excel'
ERROR:root:Failed to save table from page 237: 'list' object has no attribute 'to_excel'
ERROR:root:Failed to save table from page 237: 'list' object has no attribute 'to_excel'
ERROR:root:Failed to save table from page 239: 'list' object has no attribute 'to_excel'
ERROR:root:Failed to save table from page 239: 'list' object has no attribute 'to_excel'
ERROR:root:Failed to save table from page 242: 'list' object has no attribute 'to_excel'
ERROR:root:Failed to save table from page 249: 'list' object has no attribute 'to_excel'
ERROR:root:Failed to save table from page 253: 'list' object has no attribute 'to_excel'
ERROR:root:Failed to save table from page 253: 'list' object has no attribute 'to_excel'
ERROR:root:Failed to save table from page 254: 'list' object has no attribute 'to_excel'
ERROR:root:Failed to save table from page 254: No tables found matching pattern '.+'
ERROR:root:Failed to save table from page 256: 'list' object has no attribute 'to_excel'
ERROR:root:Failed to save table from page 256: 'list' object has no attribute 'to_excel'
ERROR:root:Failed to save table from page 257: 'list' object has no attribute 'to_excel'
ERROR:root:Failed to save table from page 258: 'list' object has no attribute 'to_excel'
ERROR:root:Failed to save table from page 258: 'list' object has no attribute 'to_excel'
ERROR:root:Failed to save table from page 259: 'list' object has no attribute 'to_excel'
ERROR:root:Failed to save table from page 259: 'list' object has no attribute 'to_excel'
ERROR:root:Failed to save table from page 261: 'list' object has no attribute 'to_excel'
ERROR:root:Failed to save table from page 261: 'list' object has no attribute 'to_excel'
ERROR:root:Failed to save table from page 280: 'list' object has no attribute 'to_excel'
ERROR:root:Failed to save table from page 285: 'list' object has no attribute 'to_excel'
ERROR:root:Failed to save table from page 287: 'list' object has no attribute 'to_excel'
ERROR:root:Failed to save table from page 287: 'list' object has no attribute 'to_excel'
ERROR:root:Failed to save table from page 308: 'list' object has no attribute 'to_excel'
ERROR:root:Failed to save table from page 312: 'list' object has no attribute 'to_excel'
ERROR:root:Failed to save table from page 320: 'list' object has no attribute 'to_excel'
ERROR:root:Failed to save table from page 321: 'list' object has no attribute 'to_excel'
ERROR:root:Failed to save table from page 322: 'list' object has no attribute 'to_excel'
ERROR:root:Failed to save table from page 325: 'list' object has no attribute 'to_excel'
ERROR:root:Failed to save table from page 326: 'list' object has no attribute 'to_excel'
ERROR:root:Failed to save table from page 326: 'list' object has no attribute 'to_excel'
ERROR:root:Failed to save table from page 327: 'list' object has no attribute 'to_excel'
ERROR:root:Failed to save table from page 327: 'list' object has no attribute 'to_excel'
ERROR:root:Failed to save table from page 338: 'list' object has no attribute 'to_excel'
ERROR:root:Failed to save table from page 340: 'list' object has no attribute 'to_excel'
ERROR:root:Failed to save table from page 340: 'list' object has no attribute 'to_excel'
ERROR:root:Failed to save table from page 349: 'list' object has no attribute 'to_excel'
ERROR:root:Failed to save table from page 351: 'list' object has no attribute 'to_excel'
ERROR:root:Failed to save table from page 352: 'list' object has no attribute 'to_excel'
ERROR:root:Failed to save table from page 359: 'list' object has no attribute 'to_excel'
ERROR:root:Failed to save table from page 363: 'list' object has no attribute 'to_excel'
ERROR:root:Failed to save table from page 381: 'list' object has no attribute 'to_excel'
ERROR:root:Failed to save table from page 383: 'list' object has no attribute 'to_excel'
ERROR:root:Failed to save table from page 386: 'list' object has no attribute 'to_excel'
ERROR:root:Failed to save table from page 387: 'list' object has no attribute 'to_excel'
ERROR:root:Failed to save table from page 388: 'list' object has no attribute 'to_excel'
