2024-08-02 03:25:09,979 - INFO - Skipping file: C:\Users\Miller\OneDrive\FDD Database\EFD\FDD Database\1-800-Flowers1-800-Flowers.com\2022\1-800-Flowers1-800-Flowers.com_2022_North Dakota_463327.pdf
2024-08-02 03:25:09,979 - INFO - Skipping file: C:\Users\Miller\OneDrive\FDD Database\EFD\FDD Database\1-800-Flowers1-800-Flowers.com\2023\1-800-Flowers1-800-Flowers.com_2023_Virginia_463327.pdf
2024-08-02 03:25:09,979 - INFO - Skipping file: C:\Users\Miller\OneDrive\FDD Database\EFD\FDD Database\1-800-FlowersConroys\2022\1-800-FlowersConroys_2022_New York_463199.pdf
2024-08-02 03:25:09,993 - INFO - Skipping file: C:\Users\Miller\OneDrive\FDD Database\EFD\FDD Database\A Better Solution in Home Care\2023\A Better Solution in Home Care_2023_Illinois_481138.pdf
2024-08-02 03:25:10,000 - INFO - Skipping file: C:\Users\Miller\OneDrive\FDD Database\EFD\FDD Database\Access Garage Doors\2023\Access Garage Doors_2023_New York_491121.pdf
2024-08-02 03:25:10,005 - INFO - Skipping file: C:\Users\Miller\OneDrive\FDD Database\EFD\FDD Database\ActionCOACH Mid-Atlantic\2023\ActionCOACH Mid-Atlantic_2023_Maryland_438288.pdf
2024-08-02 03:25:10,013 - INFO - Skipping file: C:\Users\Miller\OneDrive\FDD Database\EFD\FDD Database\Alair Homes Master\2022\Alair Homes Master_2022_Illinois_473061.pdf
2024-08-02 03:25:10,025 - INFO - Skipping file: C:\Users\Miller\OneDrive\FDD Database\EFD\FDD Database\Always Best Care Senior Services\2022\Always Best Care Senior Services_2022_Virginia_442173.pdf
2024-08-02 03:25:10,025 - INFO - Skipping file: C:\Users\Miller\OneDrive\FDD Database\EFD\FDD Database\Always Best Care Senior Services\2023\Always Best Care Senior Services_2023_Maryland_442173.pdf
2024-08-02 03:25:10,044 - INFO - Skipping file: C:\Users\Miller\OneDrive\FDD Database\EFD\FDD Database\American Leak Detection\2023\American Leak Detection_2023_Virginia_480243.pdf
2024-08-02 03:25:10,047 - INFO - Skipping file: C:\Users\Miller\OneDrive\FDD Database\EFD\FDD Database\Ameriprise Financial Services LLC\2022\Ameriprise Financial Services LLC_2022_North Dakota_510281.pdf
2024-08-02 03:25:10,048 - INFO - Skipping file: C:\Users\Miller\OneDrive\FDD Database\EFD\FDD Database\Ameriprise Financial Services LLC\2024\Ameriprise Financial Services LLC_2024_South Dakota_437376.pdf
2024-08-02 03:25:10,048 - INFO - Skipping file: C:\Users\Miller\OneDrive\FDD Database\EFD\FDD Database\Amorino\2021\Amorino_2021_New York_434370.pdf
2024-08-02 03:25:10,049 - INFO - Skipping file: C:\Users\Miller\OneDrive\FDD Database\EFD\FDD Database\Amorino\2023\Amorino_2023_Illinois_468783.pdf
2024-08-02 03:25:10,058 - INFO - Skipping file: C:\Users\Miller\OneDrive\FDD Database\EFD\FDD Database\Anytime Fitness\2021\Anytime Fitness_2021_North Dakota_409675.pdf
2024-08-02 03:25:10,063 - INFO - Skipping file: C:\Users\Miller\OneDrive\FDD Database\EFD\FDD Database\Apricot Lane\2024\Apricot Lane_2024_Virginia_433305.pdf
2024-08-02 03:25:10,067 - INFO - Skipping file: C:\Users\Miller\OneDrive\FDD Database\EFD\FDD Database\Arise Suites Extended Stay by Wyndham\2023\Arise Suites Extended Stay by Wyndham_2023_South Dakota_505521.pdf
2024-08-02 03:25:10,068 - INFO - Skipping file: C:\Users\Miller\OneDrive\FDD Database\EFD\FDD Database\Aroogas\2022\Aroogas_2022_New York_444955.pdf
2024-08-02 03:25:10,077 - INFO - Skipping file: C:\Users\Miller\OneDrive\FDD Database\EFD\FDD Database\Auntie Annes\2023\Auntie Annes_2023_South Dakota_438369.pdf
2024-08-02 03:25:10,096 - INFO - Skipping file: C:\Users\Miller\OneDrive\FDD Database\EFD\FDD Database\Beard Papa\2022\Beard Papa_2022_New York_441288.pdf
2024-08-02 03:25:10,096 - INFO - Skipping file: C:\Users\Miller\OneDrive\FDD Database\EFD\FDD Database\Beard Papa\2023\Beard Papa_2023_Illinois_441288.pdf
2024-08-02 03:25:10,096 - INFO - Skipping file: C:\Users\Miller\OneDrive\FDD Database\EFD\FDD Database\Beard Papa\2024\Beard Papa_2024_Illinois_441288.pdf
2024-08-02 03:25:10,106 - INFO - Skipping file: C:\Users\Miller\OneDrive\FDD Database\EFD\FDD Database\Bento Sushi\2022\Bento Sushi_2022_North Dakota_447453.pdf
2024-08-02 03:25:10,108 - INFO - Skipping file: C:\Users\Miller\OneDrive\FDD Database\EFD\FDD Database\Best Western International Inc\2023\Best Western International Inc_2023_Virginia_479828.pdf
2024-08-02 03:25:10,108 - INFO - Skipping file: C:\Users\Miller\OneDrive\FDD Database\EFD\FDD Database\Best Western International Inc\2024\Best Western International Inc_2024_South Dakota_479828.pdf
2024-08-02 03:25:10,111 - INFO - Skipping file: C:\Users\Miller\OneDrive\FDD Database\EFD\FDD Database\Big Apple Bagels\2022\Big Apple Bagels_2022_North Dakota_430506.pdf
2024-08-02 03:25:10,111 - INFO - Skipping file: C:\Users\Miller\OneDrive\FDD Database\EFD\FDD Database\Big Apple Bagels\2023\Big Apple Bagels_2023_Virginia_430506.pdf
2024-08-02 03:25:10,111 - INFO - Skipping file: C:\Users\Miller\OneDrive\FDD Database\EFD\FDD Database\Big Apple Bagels\2024\Big Apple Bagels_2024_Illinois_430506.pdf
2024-08-02 03:25:10,113 - INFO - Skipping file: C:\Users\Miller\OneDrive\FDD Database\EFD\FDD Database\Big O Tires\2022\Big O PDF_2022_North Dakota_509903.pdf
2024-08-02 03:25:10,115 - INFO - Skipping file: C:\Users\Miller\OneDrive\FDD Database\EFD\FDD Database\BIMBO FOODS BAKERIES DISTRIBUTION\2023\BIMBO FOODS BAKERIES DISTRIBUTION_2023_North Dakota_510004.pdf
2024-08-02 03:25:10,115 - INFO - Skipping file: C:\Users\Miller\OneDrive\FDD Database\EFD\FDD Database\BIN THERE DUMP THAT\2022\BIN THERE DUMP THAT_2022_North Dakota_443094.pdf
2024-08-02 03:25:10,117 - INFO - Skipping file: C:\Users\Miller\OneDrive\FDD Database\EFD\FDD Database\Biosweep\2022\Biosweep_2022_New York_437072.pdf
2024-08-02 03:25:10,121 - INFO - Skipping file: C:\Users\Miller\OneDrive\FDD Database\EFD\FDD Database\Blingle\2022\Blingle_2022_South Dakota_424282.pdf
2024-08-02 03:25:10,121 - INFO - Skipping file: C:\Users\Miller\OneDrive\FDD Database\EFD\FDD Database\Blingle\2023\Blingle_2023_North Dakota_424282.pdf
2024-08-02 03:25:10,122 - INFO - Skipping file: C:\Users\Miller\OneDrive\FDD Database\EFD\FDD Database\Blue Eagle Investigation\2022\Blue Eagle Investigation_2022_New York_432743.pdf
2024-08-02 03:25:10,123 - INFO - Skipping file: C:\Users\Miller\OneDrive\FDD Database\EFD\FDD Database\Blue Kangaroo Packoutz\2024\Blue Kangaroo Packoutz_2024_North Dakota_438770.pdf
2024-08-02 03:25:10,126 - INFO - Skipping file: C:\Users\Miller\OneDrive\FDD Database\EFD\FDD Database\BluTaco-Fractional Franchise Concept\2023\BluTaco-Fractional Franchise Concept_2023_Maryland_441415.pdf
2024-08-02 03:25:10,129 - INFO - Skipping file: C:\Users\Miller\OneDrive\FDD Database\EFD\FDD Database\Bobapop Tea Bar\2024\Bobapop Tea Bar_2024_Maryland_463111.pdf
2024-08-02 03:25:10,132 - INFO - Skipping file: C:\Users\Miller\OneDrive\FDD Database\EFD\FDD Database\Bojangles Bojangles Bojangles Famous chicken n Biscuits Bojangles Express\2022\Bojangles Bojangles Bojangles Famous chicken n Biscuits Bojangles Express_2022_North Dakota_509519.pdf
2024-08-02 03:25:10,133 - INFO - Skipping file: C:\Users\Miller\OneDrive\FDD Database\EFD\FDD Database\Bojangles Bojangles Bojangles Famous chicken n Biscuits Bojangles Express\2023\Bojangles Bojangles Bojangles Famous chicken n Biscuits Bojangles Express_2023_Rhode Island_393117.pdf
2024-08-02 03:25:10,133 - INFO - Skipping file: C:\Users\Miller\OneDrive\FDD Database\EFD\FDD Database\Bojangles Bojangles Bojangles Famous chicken n Biscuits Bojangles Express\2024\Bojangles Bojangles Bojangles Famous chicken n Biscuits Bojangles Express_2024_North Dakota_509519.pdf
2024-08-02 03:25:10,134 - INFO - Skipping file: C:\Users\Miller\OneDrive\FDD Database\EFD\FDD Database\Bonchon Business\2023\Bonchon Business_2023_Maryland_433724.pdf
2024-08-02 03:25:10,134 - INFO - Skipping file: C:\Users\Miller\OneDrive\FDD Database\EFD\FDD Database\Bonchon Business\2024\Bonchon Business_2024_Maryland_433724.pdf
2024-08-02 03:25:10,139 - INFO - Skipping file: C:\Users\Miller\OneDrive\FDD Database\EFD\FDD Database\BoxDrop\2023\BoxDrop_2023_Maryland_436971.pdf
2024-08-02 03:25:10,145 - INFO - Skipping file: C:\Users\Miller\OneDrive\FDD Database\EFD\FDD Database\British Swim School\2023\British Swim School_2023_North Dakota_393152.pdf
2024-08-02 03:25:10,148 - INFO - Skipping file: C:\Users\Miller\OneDrive\FDD Database\EFD\FDD Database\Bubbas Shrimp Shack\2021\Bubbas Shrimp Shack_2021_Virginia_386588.pdf
2024-08-02 03:25:10,148 - INFO - Skipping file: C:\Users\Miller\OneDrive\FDD Database\EFD\FDD Database\Bubbas Shrimp Shack\2023\Bubbas Shrimp Shack_2023_Virginia_386588.pdf
2024-08-02 03:25:10,157 - INFO - Skipping file: C:\Users\Miller\OneDrive\FDD Database\EFD\FDD Database\Burger King\2022\Burger King_2022_North Dakota_509854.pdf
2024-08-02 03:25:10,158 - INFO - Skipping file: C:\Users\Miller\OneDrive\FDD Database\EFD\FDD Database\Burger King\2023\Burger King_2023_South Dakota_458677.pdf
2024-08-02 03:25:10,158 - INFO - Skipping file: C:\Users\Miller\OneDrive\FDD Database\EFD\FDD Database\Burger King\2024\Burger King_2024_South Dakota_458677.pdf
2024-08-02 03:25:10,158 - INFO - Skipping file: C:\Users\Miller\OneDrive\FDD Database\EFD\FDD Database\Burger King - Exemptions\2022\Burger King - Exemptions_2022_North Dakota_509946.pdf
2024-08-02 03:25:10,159 - INFO - Skipping file: C:\Users\Miller\OneDrive\FDD Database\EFD\FDD Database\Burger King - Exemptions\2023\Burger King - Exemptions_2023_North Dakota_509946.pdf
2024-08-02 03:25:10,159 - INFO - Skipping file: C:\Users\Miller\OneDrive\FDD Database\EFD\FDD Database\Burger King - Exemptions\2024\Burger King - Exemptions_2024_Maryland_509946.pdf
2024-08-02 03:25:10,159 - INFO - Skipping file: C:\Users\Miller\OneDrive\FDD Database\EFD\FDD Database\BurgerFi\2022\BurgerFi_2022_North Dakota_509629.pdf
2024-08-02 03:25:10,159 - INFO - Skipping file: C:\Users\Miller\OneDrive\FDD Database\EFD\FDD Database\BurgerFi\2023\BurgerFi_2023_North Dakota_509629.pdf
2024-08-02 03:25:10,160 - INFO - Skipping file: C:\Users\Miller\OneDrive\FDD Database\EFD\FDD Database\BurgerFi\2024\BurgerFi_2024_Rhode Island_422845.pdf
2024-08-02 03:25:10,161 - INFO - Skipping file: C:\Users\Miller\OneDrive\FDD Database\EFD\FDD Database\BYou Laser Clinic\2022\BYou Laser Clinic_2022_New York_456902.pdf
2024-08-02 03:25:10,162 - INFO - Skipping file: C:\Users\Miller\OneDrive\FDD Database\EFD\FDD Database\C\2023\C_2023_Illinois_462192.pdf
2024-08-02 03:25:10,177 - INFO - Skipping file: C:\Users\Miller\OneDrive\FDD Database\EFD\FDD Database\Carre dartistes\2023\Carre dartistes_2023_Illinois_430354.pdf
2024-08-02 03:25:10,177 - INFO - Skipping file: C:\Users\Miller\OneDrive\FDD Database\EFD\FDD Database\Carstar\2022\Carstar_2022_North Dakota_509814.pdf
2024-08-02 03:25:10,177 - INFO - Skipping file: C:\Users\Miller\OneDrive\FDD Database\EFD\FDD Database\Carstar\2023\Carstar_2023_North Dakota_509814.pdf
2024-08-02 03:25:10,181 - INFO - Skipping file: C:\Users\Miller\OneDrive\FDD Database\EFD\FDD Database\Celebree Schools\2024\Celebree Schools_2024_Maryland_509568.pdf
2024-08-02 03:25:10,183 - INFO - Skipping file: C:\Users\Miller\OneDrive\FDD Database\EFD\FDD Database\Century 21\2024\Century 21_2024_South Dakota_430849.pdf
2024-08-02 03:25:10,184 - INFO - Skipping file: C:\Users\Miller\OneDrive\FDD Database\EFD\FDD Database\Century 21 - Exemptions\2024\Century 21 - Exemptions_2024_North Dakota_509860.pdf
2024-08-02 03:25:10,188 - INFO - Skipping file: C:\Users\Miller\OneDrive\FDD Database\EFD\FDD Database\Charles Schwab\2023\Charles Schwab_2023_Maryland_509565.pdf
2024-08-02 03:25:10,190 - INFO - Skipping file: C:\Users\Miller\OneDrive\FDD Database\EFD\FDD Database\Cheer Athletics\2022\Cheer Athletics_2022_New York_442353.pdf
2024-08-02 03:25:10,190 - INFO - Skipping file: C:\Users\Miller\OneDrive\FDD Database\EFD\FDD Database\Cheer Athletics\2023\Cheer Athletics_2023_Illinois_442353.pdf
2024-08-02 03:25:11,140 - INFO - Starting processing of 5412 PDF files with 22 workers
2024-08-02 03:25:22,187 - INFO - Successfully processed: C:\Users\Miller\OneDrive\FDD Database\EFD\FDD Database\1 Percent Lists\2023\1 Percent Lists_2023_Virginia_451293.pdf
2024-08-02 05:25:58,052 - INFO - Successfully processed: C:\Users\Miller\OneDrive\FDD Database\EFD\FDD Database\1-800-Packouts\2022\1-800-Packouts_2023_New York_441743.pdf
2024-08-02 05:33:32,979 - INFO - Successfully processed: C:\Users\Miller\OneDrive\FDD Database\EFD\FDD Database\1-800-Packouts\2023\1-800-Packouts_2023_Illinois_441743.pdf
2024-08-02 06:09:03,528 - INFO - Successfully processed: C:\Users\Miller\OneDrive\FDD Database\EFD\FDD Database\1-800-Radiator Franchisor SPV LLC - Renewal of Seasoned Franchisor Exemption MD\2023\1-800-Radiator Franchisor SPV LLC - Renewal of Seasoned Franchisor Exemption MD_2023_Maryland_509888.pdf
2024-08-02 06:12:52,176 - INFO - Successfully processed: C:\Users\Miller\OneDrive\FDD Database\EFD\FDD Database\1-800-Radiator Franchisor SPV LLC - Renewal of Seasoned Franchisor Exemption MD\2022\1-800-Radiator Franchisor SPV LLC - Renewal of Seasoned Franchisor Exemption MD_2022_Maryland_509888.pdf
2024-08-02 06:13:55,080 - INFO - Successfully processed: C:\Users\Miller\OneDrive\FDD Database\EFD\FDD Database\1 Tom Plumber\2022\1 Tom Plumber_2022_New York_445179.pdf
2024-08-02 06:17:29,289 - INFO - Successfully processed: C:\Users\Miller\OneDrive\FDD Database\EFD\FDD Database\1-800 Striper\2022\1-800 Striper_2022_Maryland_432546.pdf
2024-08-02 06:19:22,936 - INFO - Successfully processed: C:\Users\Miller\OneDrive\FDD Database\EFD\FDD Database\1-800-JUNKPRO LLC\2022\1-800-JUNKPRO LLC_2022_Virginia_435800.pdf
2024-08-02 07:13:04,217 - INFO - Successfully processed: C:\Users\Miller\OneDrive\FDD Database\EFD\FDD Database\1-800 Striper\2023\1-800 Striper_2023_Maryland_432546.pdf
2024-08-02 07:13:41,760 - INFO - Successfully processed: C:\Users\Miller\OneDrive\FDD Database\EFD\FDD Database\1 Tom Plumber\2023\1 Tom Plumber_2023_Illinois_445179.pdf
2024-08-02 07:15:49,563 - INFO - Successfully processed: C:\Users\Miller\OneDrive\FDD Database\EFD\FDD Database\1-800 Striper\2024\1-800 Striper_2024_Virginia_432546.pdf
2024-08-02 07:28:53,901 - INFO - Successfully processed: C:\Users\Miller\OneDrive\FDD Database\EFD\FDD Database\1-800-JUNKPRO LLC\2023\1-800-JUNKPRO LLC_2023_Virginia_435800.pdf
2024-08-02 07:58:26,355 - INFO - Successfully processed: C:\Users\Miller\OneDrive\FDD Database\EFD\FDD Database\1 Tom Plumber\2024\1 Tom Plumber_2024_South Dakota_445179.pdf
2024-08-02 09:09:32,648 - INFO - Successfully processed: C:\Users\Miller\OneDrive\FDD Database\EFD\FDD Database\1st Class Real Estate\2023\1st Class Real Estate_2023_New York_480398.pdf
